0 info it worked if it ends with ok
1 verbose cli [ '/usr/local/bin/node',
1 verbose cli   '/Users/entingwu/.node/bin/npm',
1 verbose cli   'start' ]
2 info using npm@3.5.3
3 info using node@v5.4.1
4 verbose run-script [ 'prestart', 'start', 'poststart' ]
5 info lifecycle cs5610@1.0.0~prestart: cs5610@1.0.0
6 silly lifecycle cs5610@1.0.0~prestart: no script for prestart, continuing
7 info lifecycle cs5610@1.0.0~start: cs5610@1.0.0
8 verbose lifecycle cs5610@1.0.0~start: unsafe-perm in lifecycle true
9 verbose lifecycle cs5610@1.0.0~start: PATH: /Users/entingwu/.node/lib/node_modules/npm/bin/node-gyp-bin:/Users/entingwu/Desktop/WebDevelopment/cs5610spring2016/node_modules/.bin:/Users/entingwu/.node/bin:/Users/entingwu/.rvm/gems/ruby-2.0.0-p643/bin:/Users/entingwu/.rvm/gems/ruby-2.0.0-p643@global/bin:/Users/entingwu/.rvm/rubies/ruby-2.0.0-p643/bin:/usr/local/bin:/usr/bin:/bin:/usr/sbin:/sbin:/opt/X11/bin:/Users/entingwu/.rvm/bin
10 verbose lifecycle cs5610@1.0.0~start: CWD: /Users/entingwu/Desktop/WebDevelopment/cs5610spring2016
11 silly lifecycle cs5610@1.0.0~start: Args: [ '-c', 'node server.js' ]
12 silly lifecycle cs5610@1.0.0~start: Returned: code: 1  signal: null
13 info lifecycle cs5610@1.0.0~start: Failed to exec start script
14 verbose stack Error: cs5610@1.0.0 start: `node server.js`
14 verbose stack Exit status 1
14 verbose stack     at EventEmitter.<anonymous> (/Users/entingwu/.node/lib/node_modules/npm/lib/utils/lifecycle.js:232:16)
14 verbose stack     at emitTwo (events.js:87:13)
14 verbose stack     at EventEmitter.emit (events.js:172:7)
14 verbose stack     at ChildProcess.<anonymous> (/Users/entingwu/.node/lib/node_modules/npm/lib/utils/spawn.js:24:14)
14 verbose stack     at emitTwo (events.js:87:13)
14 verbose stack     at ChildProcess.emit (events.js:172:7)
14 verbose stack     at maybeClose (internal/child_process.js:821:16)
14 verbose stack     at Process.ChildProcess._handle.onexit (internal/child_process.js:211:5)
15 verbose pkgid cs5610@1.0.0
16 verbose cwd /Users/entingwu/Desktop/WebDevelopment/cs5610spring2016
17 error Darwin 14.0.0
18 error argv "/usr/local/bin/node" "/Users/entingwu/.node/bin/npm" "start"
19 error node v5.4.1
20 error npm  v3.5.3
21 error code ELIFECYCLE
22 error cs5610@1.0.0 start: `node server.js`
22 error Exit status 1
23 error Failed at the cs5610@1.0.0 start script 'node server.js'.
23 error Make sure you have the latest version of node.js and npm installed.
23 error If you do, this is most likely a problem with the cs5610 package,
23 error not with npm itself.
23 error Tell the author that this fails on your system:
23 error     node server.js
23 error You can get information on how to open an issue for this project with:
23 error     npm bugs cs5610
23 error Or if that isn't available, you can get their info via:
23 error     npm owner ls cs5610
23 error There is likely additional logging output above.
24 verbose exit [ 1, true ]
